Started GET "/" for 127.0.0.1 at 2018-11-07 13:06:07 +0100
Processing by Rails::WelcomeController#index as HTML
  Rendering /var/lib/gems/2.5.0/gems/railties-5.2.1/lib/rails/templates/rails/welcome/index.html.erb
  Rendered /var/lib/gems/2.5.0/gems/railties-5.2.1/lib/rails/templates/rails/welcome/index.html.erb (20.9ms)
Completed 200 OK in 109ms (Views: 51.2ms | ActiveRecord: 0.0ms)


Started GET "/" for 127.0.0.1 at 2018-11-07 13:07:34 +0100
Processing by Rails::WelcomeController#index as HTML
  Rendering /var/lib/gems/2.5.0/gems/railties-5.2.1/lib/rails/templates/rails/welcome/index.html.erb
  Rendered /var/lib/gems/2.5.0/gems/railties-5.2.1/lib/rails/templates/rails/welcome/index.html.erb (8.6ms)
Completed 200 OK in 16ms (Views: 12.5ms | ActiveRecord: 0.0ms)


Started GET "/" for 127.0.0.1 at 2018-11-07 13:07:36 +0100
Processing by Rails::WelcomeController#index as HTML
  Rendering /var/lib/gems/2.5.0/gems/railties-5.2.1/lib/rails/templates/rails/welcome/index.html.erb
  Rendered /var/lib/gems/2.5.0/gems/railties-5.2.1/lib/rails/templates/rails/welcome/index.html.erb (8.5ms)
Completed 200 OK in 16ms (Views: 12.2ms | ActiveRecord: 0.0ms)


Started GET "/" for 127.0.0.1 at 2018-11-07 13:07:37 +0100
Processing by Rails::WelcomeController#index as HTML
  Rendering /var/lib/gems/2.5.0/gems/railties-5.2.1/lib/rails/templates/rails/welcome/index.html.erb
  Rendered /var/lib/gems/2.5.0/gems/railties-5.2.1/lib/rails/templates/rails/welcome/index.html.erb (9.3ms)
Completed 200 OK in 17ms (Views: 13.0ms | ActiveRecord: 0.0ms)


Started GET "/" for 127.0.0.1 at 2018-11-07 13:10:26 +0100
Processing by HomeController#index as HTML
  Rendering home/index.html.erb
  Rendered home/index.html.erb (4296.3ms)
Completed 200 OK in 4397ms (Views: 4302.0ms | ActiveRecord: 0.0ms)


Started GET "/cloche2.jpeg" for 127.0.0.1 at 2018-11-07 13:10:32 +0100
  
ActionController::RoutingError (No route matches [GET] "/cloche2.jpeg"):
  
actionpack (5.2.1) lib/action_dispatch/middleware/debug_exceptions.rb:65:in `call'
web-console (3.7.0) lib/web_console/middleware.rb:135:in `call_app'
web-console (3.7.0) lib/web_console/middleware.rb:30:in `block in call'
web-console (3.7.0) lib/web_console/middleware.rb:20:in `catch'
web-console (3.7.0) lib/web_console/middleware.rb:20:in `call'
actionpack (5.2.1) lib/action_dispatch/middleware/show_exceptions.rb:33:in `call'
railties (5.2.1) lib/rails/rack/logger.rb:38:in `call_app'
railties (5.2.1) lib/rails/rack/logger.rb:26:in `block in call'
activesupport (5.2.1) lib/active_support/tagged_logging.rb:71:in `block in tagged'
activesupport (5.2.1) lib/active_support/tagged_logging.rb:28:in `tagged'
activesupport (5.2.1) lib/active_support/tagged_logging.rb:71:in `tagged'
railties (5.2.1) lib/rails/rack/logger.rb:26:in `call'
sprockets-rails (3.2.1) lib/sprockets/rails/quiet_assets.rb:13:in `call'
actionpack (5.2.1) lib/action_dispatch/middleware/remote_ip.rb:81:in `call'
actionpack (5.2.1) lib/action_dispatch/middleware/request_id.rb:27:in `call'
rack (2.0.6) lib/rack/method_override.rb:22:in `call'
rack (2.0.6) lib/rack/runtime.rb:22:in `call'
activesupport (5.2.1) lib/active_support/cache/strategy/local_cache_middleware.rb:29:in `call'
actionpack (5.2.1) lib/action_dispatch/middleware/executor.rb:14:in `call'
actionpack (5.2.1) lib/action_dispatch/middleware/static.rb:127:in `call'
rack (2.0.6) lib/rack/sendfile.rb:111:in `call'
railties (5.2.1) lib/rails/engine.rb:524:in `call'
puma (3.12.0) lib/puma/configuration.rb:225:in `call'
puma (3.12.0) lib/puma/server.rb:658:in `handle_request'
puma (3.12.0) lib/puma/server.rb:472:in `process_client'
puma (3.12.0) lib/puma/server.rb:332:in `block in run'
puma (3.12.0) lib/puma/thread_pool.rb:133:in `block in spawn_thread'
Started GET "/app2.png" for 127.0.0.1 at 2018-11-07 13:10:32 +0100
  
Started GET "/google2.png" for 127.0.0.1 at 2018-11-07 13:10:32 +0100
ActionController::RoutingError (No route matches [GET] "/app2.png"):
  
actionpack (5.2.1) lib/action_dispatch/middleware/debug_exceptions.rb:65:in `call'
web-console (3.7.0) lib/web_console/middleware.rb:135:in `call_app'
web-console (3.7.0) lib/web_console/middleware.rb:30:in `block in call'
web-console (3.7.0) lib/web_console/middleware.rb:20:in `catch'
web-console (3.7.0) lib/web_console/middleware.rb:20:in `call'
actionpack (5.2.1) lib/action_dispatch/middleware/show_exceptions.rb:33:in `call'
railties (5.2.1) lib/rails/rack/logger.rb:38:in `call_app'
railties (5.2.1) lib/rails/rack/logger.rb:26:in `block in call'
activesupport (5.2.1) lib/active_support/tagged_logging.rb:71:in `block in tagged'
activesupport (5.2.1) lib/active_support/tagged_logging.rb:28:in `tagged'
activesupport (5.2.1) lib/active_support/tagged_logging.rb:71:in `tagged'
railties (5.2.1) lib/rails/rack/logger.rb:26:in `call'
sprockets-rails (3.2.1) lib/sprockets/rails/quiet_assets.rb:13:in `call'
actionpack (5.2.1) lib/action_dispatch/middleware/remote_ip.rb:81:in `call'
actionpack (5.2.1) lib/action_dispatch/middleware/request_id.rb:27:in `call'
rack (2.0.6) lib/rack/method_override.rb:22:in `call'
rack (2.0.6) lib/rack/runtime.rb:22:in `call'
activesupport (5.2.1) lib/active_support/cache/strategy/local_cache_middleware.rb:29:in `call'
actionpack (5.2.1) lib/action_dispatch/middleware/executor.rb:14:in `call'
actionpack (5.2.1) lib/action_dispatch/middleware/static.rb:127:in `call'
rack (2.0.6) lib/rack/sendfile.rb:111:in `call'
railties (5.2.1) lib/rails/engine.rb:524:in `call'
puma (3.12.0) lib/puma/configuration.rb:225:in `call'
puma (3.12.0) lib/puma/server.rb:658:in `handle_request'
puma (3.12.0) lib/puma/server.rb:472:in `process_client'
puma (3.12.0) lib/puma/server.rb:332:in `block in run'
puma (3.12.0) lib/puma/thread_pool.rb:133:in `block in spawn_thread'
  
ActionController::RoutingError (No route matches [GET] "/google2.png"):
Started GET "/images%20micro.png" for 127.0.0.1 at 2018-11-07 13:10:32 +0100
  
actionpack (5.2.1) lib/action_dispatch/middleware/debug_exceptions.rb:65:in `call'
web-console (3.7.0) lib/web_console/middleware.rb:135:in `call_app'
web-console (3.7.0) lib/web_console/middleware.rb:30:in `block in call'
web-console (3.7.0) lib/web_console/middleware.rb:20:in `catch'
web-console (3.7.0) lib/web_console/middleware.rb:20:in `call'
actionpack (5.2.1) lib/action_dispatch/middleware/show_exceptions.rb:33:in `call'
railties (5.2.1) lib/rails/rack/logger.rb:38:in `call_app'
railties (5.2.1) lib/rails/rack/logger.rb:26:in `block in call'
activesupport (5.2.1) lib/active_support/tagged_logging.rb:71:in `block in tagged'
activesupport (5.2.1) lib/active_support/tagged_logging.rb:28:in `tagged'
activesupport (5.2.1) lib/active_support/tagged_logging.rb:71:in `tagged'
railties (5.2.1) lib/rails/rack/logger.rb:26:in `call'
sprockets-rails (3.2.1) lib/sprockets/rails/quiet_assets.rb:13:in `call'
actionpack (5.2.1) lib/action_dispatch/middleware/remote_ip.rb:81:in `call'
actionpack (5.2.1) lib/action_dispatch/middleware/request_id.rb:27:in `call'
rack (2.0.6) lib/rack/method_override.rb:22:in `call'
rack (2.0.6) lib/rack/runtime.rb:22:in `call'
activesupport (5.2.1) lib/active_support/cache/strategy/local_cache_middleware.rb:29:in `call'
actionpack (5.2.1) lib/action_dispatch/middleware/executor.rb:14:in `call'
actionpack (5.2.1) lib/action_dispatch/middleware/static.rb:127:in `call'
rack (2.0.6) lib/rack/sendfile.rb:111:in `call'
railties (5.2.1) lib/rails/engine.rb:524:in `call'
puma (3.12.0) lib/puma/configuration.rb:225:in `call'
puma (3.12.0) lib/puma/server.rb:658:in `handle_request'
puma (3.12.0) lib/puma/server.rb:472:in `process_client'
puma (3.12.0) lib/puma/server.rb:332:in `block in run'
puma (3.12.0) lib/puma/thread_pool.rb:133:in `block in spawn_thread'
  
ActionController::RoutingError (No route matches [GET] "/images%20micro.png"):
  
actionpack (5.2.1) lib/action_dispatch/middleware/debug_exceptions.rb:65:in `call'
web-console (3.7.0) lib/web_console/middleware.rb:135:in `call_app'
web-console (3.7.0) lib/web_console/middleware.rb:30:in `block in call'
web-console (3.7.0) lib/web_console/middleware.rb:20:in `catch'
web-console (3.7.0) lib/web_console/middleware.rb:20:in `call'
actionpack (5.2.1) lib/action_dispatch/middleware/show_exceptions.rb:33:in `call'
railties (5.2.1) lib/rails/rack/logger.rb:38:in `call_app'
railties (5.2.1) lib/rails/rack/logger.rb:26:in `block in call'
activesupport (5.2.1) lib/active_support/tagged_logging.rb:71:in `block in tagged'
activesupport (5.2.1) lib/active_support/tagged_logging.rb:28:in `tagged'
activesupport (5.2.1) lib/active_support/tagged_logging.rb:71:in `tagged'
railties (5.2.1) lib/rails/rack/logger.rb:26:in `call'
sprockets-rails (3.2.1) lib/sprockets/rails/quiet_assets.rb:13:in `call'
actionpack (5.2.1) lib/action_dispatch/middleware/remote_ip.rb:81:in `call'
actionpack (5.2.1) lib/action_dispatch/middleware/request_id.rb:27:in `call'
rack (2.0.6) lib/rack/method_override.rb:22:in `call'
rack (2.0.6) lib/rack/runtime.rb:22:in `call'
activesupport (5.2.1) lib/active_support/cache/strategy/local_cache_middleware.rb:29:in `call'
actionpack (5.2.1) lib/action_dispatch/middleware/executor.rb:14:in `call'
actionpack (5.2.1) lib/action_dispatch/middleware/static.rb:127:in `call'
rack (2.0.6) lib/rack/sendfile.rb:111:in `call'
railties (5.2.1) lib/rails/engine.rb:524:in `call'
puma (3.12.0) lib/puma/configuration.rb:225:in `call'
puma (3.12.0) lib/puma/server.rb:658:in `handle_request'
puma (3.12.0) lib/puma/server.rb:472:in `process_client'
puma (3.12.0) lib/puma/server.rb:332:in `block in run'
puma (3.12.0) lib/puma/thread_pool.rb:133:in `block in spawn_thread'
Started GET "/" for 127.0.0.1 at 2018-11-07 13:11:16 +0100
Processing by HomeController#index as HTML
  Rendering home/index.html.erb
  Rendered home/index.html.erb (59.4ms)
Completed 200 OK in 73ms (Views: 70.1ms | ActiveRecord: 0.0ms)


Started GET "/cloche2.jpeg" for 127.0.0.1 at 2018-11-07 13:11:16 +0100
  
ActionController::RoutingError (No route matches [GET] "/cloche2.jpeg"):
  
actionpack (5.2.1) lib/action_dispatch/middleware/debug_exceptions.rb:65:in `call'
web-console (3.7.0) lib/web_console/middleware.rb:135:in `call_app'
web-console (3.7.0) lib/web_console/middleware.rb:30:in `block in call'
web-console (3.7.0) lib/web_console/middleware.rb:20:in `catch'
web-console (3.7.0) lib/web_console/middleware.rb:20:in `call'
actionpack (5.2.1) lib/action_dispatch/middleware/show_exceptions.rb:33:in `call'
railties (5.2.1) lib/rails/rack/logger.rb:38:in `call_app'
railties (5.2.1) lib/rails/rack/logger.rb:26:in `block in call'
activesupport (5.2.1) lib/active_support/tagged_logging.rb:71:in `block in tagged'
activesupport (5.2.1) lib/active_support/tagged_logging.rb:28:in `tagged'
activesupport (5.2.1) lib/active_support/tagged_logging.rb:71:in `tagged'
railties (5.2.1) lib/rails/rack/logger.rb:26:in `call'
sprockets-rails (3.2.1) lib/sprockets/rails/quiet_assets.rb:13:in `call'
actionpack (5.2.1) lib/action_dispatch/middleware/remote_ip.rb:81:in `call'
actionpack (5.2.1) lib/action_dispatch/middleware/request_id.rb:27:in `call'
rack (2.0.6) lib/rack/method_override.rb:22:in `call'
rack (2.0.6) lib/rack/runtime.rb:22:in `call'
activesupport (5.2.1) lib/active_support/cache/strategy/local_cache_middleware.rb:29:in `call'
actionpack (5.2.1) lib/action_dispatch/middleware/executor.rb:14:in `call'
actionpack (5.2.1) lib/action_dispatch/middleware/static.rb:127:in `call'
rack (2.0.6) lib/rack/sendfile.rb:111:in `call'
railties (5.2.1) lib/rails/engine.rb:524:in `call'
puma (3.12.0) lib/puma/configuration.rb:225:in `call'
puma (3.12.0) lib/puma/server.rb:658:in `handle_request'
puma (3.12.0) lib/puma/server.rb:472:in `process_client'
puma (3.12.0) lib/puma/server.rb:332:in `block in run'
puma (3.12.0) lib/puma/thread_pool.rb:133:in `block in spawn_thread'
Started GET "/app2.png" for 127.0.0.1 at 2018-11-07 13:11:16 +0100
  
ActionController::RoutingError (No route matches [GET] "/app2.png"):
  
actionpack (5.2.1) lib/action_dispatch/middleware/debug_exceptions.rb:65:in `call'
web-console (3.7.0) lib/web_console/middleware.rb:135:in `call_app'
web-console (3.7.0) lib/web_console/middleware.rb:30:in `block in call'
web-console (3.7.0) lib/web_console/middleware.rb:20:in `catch'
web-console (3.7.0) lib/web_console/middleware.rb:20:in `call'
actionpack (5.2.1) lib/action_dispatch/middleware/show_exceptions.rb:33:in `call'
railties (5.2.1) lib/rails/rack/logger.rb:38:in `call_app'
railties (5.2.1) lib/rails/rack/logger.rb:26:in `block in call'
activesupport (5.2.1) lib/active_support/tagged_logging.rb:71:in `block in tagged'
activesupport (5.2.1) lib/active_support/tagged_logging.rb:28:in `tagged'
activesupport (5.2.1) lib/active_support/tagged_logging.rb:71:in `tagged'
railties (5.2.1) lib/rails/rack/logger.rb:26:in `call'
sprockets-rails (3.2.1) lib/sprockets/rails/quiet_assets.rb:13:in `call'
actionpack (5.2.1) lib/action_dispatch/middleware/remote_ip.rb:81:in `call'
actionpack (5.2.1) lib/action_dispatch/middleware/request_id.rb:27:in `call'
rack (2.0.6) lib/rack/method_override.rb:22:in `call'
rack (2.0.6) lib/rack/runtime.rb:22:in `call'
activesupport (5.2.1) lib/active_support/cache/strategy/local_cache_middleware.rb:29:in `call'
actionpack (5.2.1) lib/action_dispatch/middleware/executor.rb:14:in `call'
actionpack (5.2.1) lib/action_dispatch/middleware/static.rb:127:in `call'
rack (2.0.6) lib/rack/sendfile.rb:111:in `call'
railties (5.2.1) lib/rails/engine.rb:524:in `call'
puma (3.12.0) lib/puma/configuration.rb:225:in `call'
puma (3.12.0) lib/puma/server.rb:658:in `handle_request'
puma (3.12.0) lib/puma/server.rb:472:in `process_client'
puma (3.12.0) lib/puma/server.rb:332:in `block in run'
puma (3.12.0) lib/puma/thread_pool.rb:133:in `block in spawn_thread'
Started GET "/google2.png" for 127.0.0.1 at 2018-11-07 13:11:16 +0100
Started GET "/images%20micro.png" for 127.0.0.1 at 2018-11-07 13:11:16 +0100
  
ActionController::RoutingError (No route matches [GET] "/google2.png"):
  
actionpack (5.2.1) lib/action_dispatch/middleware/debug_exceptions.rb:65:in `call'
web-console (3.7.0) lib/web_console/middleware.rb:135:in `call_app'
web-console (3.7.0) lib/web_console/middleware.rb:30:in `block in call'
web-console (3.7.0) lib/web_console/middleware.rb:20:in `catch'
web-console (3.7.0) lib/web_console/middleware.rb:20:in `call'
actionpack (5.2.1) lib/action_dispatch/middleware/show_exceptions.rb:33:in `call'
railties (5.2.1) lib/rails/rack/logger.rb:38:in `call_app'
railties (5.2.1) lib/rails/rack/logger.rb:26:in `block in call'
activesupport (5.2.1) lib/active_support/tagged_logging.rb:71:in `block in tagged'
activesupport (5.2.1) lib/active_support/tagged_logging.rb:28:in `tagged'
activesupport (5.2.1) lib/active_support/tagged_logging.rb:71:in `tagged'
railties (5.2.1) lib/rails/rack/logger.rb:26:in `call'
sprockets-rails (3.2.1) lib/sprockets/rails/quiet_assets.rb:13:in `call'
actionpack (5.2.1) lib/action_dispatch/middleware/remote_ip.rb:81:in `call'
actionpack (5.2.1) lib/action_dispatch/middleware/request_id.rb:27:in `call'
rack (2.0.6) lib/rack/method_override.rb:22:in `call'
rack (2.0.6) lib/rack/runtime.rb:22:in `call'
activesupport (5.2.1) lib/active_support/cache/strategy/local_cache_middleware.rb:29:in `call'
actionpack (5.2.1) lib/action_dispatch/middleware/executor.rb:14:in `call'
actionpack (5.2.1) lib/action_dispatch/middleware/static.rb:127:in `call'
rack (2.0.6) lib/rack/sendfile.rb:111:in `call'
railties (5.2.1) lib/rails/engine.rb:524:in `call'
puma (3.12.0) lib/puma/configuration.rb:225:in `call'
puma (3.12.0) lib/puma/server.rb:658:in `handle_request'
puma (3.12.0) lib/puma/server.rb:472:in `process_client'
puma (3.12.0) lib/puma/server.rb:332:in `block in run'
puma (3.12.0) lib/puma/thread_pool.rb:133:in `block in spawn_thread'
  
ActionController::RoutingError (No route matches [GET] "/images%20micro.png"):
  
actionpack (5.2.1) lib/action_dispatch/middleware/debug_exceptions.rb:65:in `call'
web-console (3.7.0) lib/web_console/middleware.rb:135:in `call_app'
web-console (3.7.0) lib/web_console/middleware.rb:30:in `block in call'
web-console (3.7.0) lib/web_console/middleware.rb:20:in `catch'
web-console (3.7.0) lib/web_console/middleware.rb:20:in `call'
actionpack (5.2.1) lib/action_dispatch/middleware/show_exceptions.rb:33:in `call'
railties (5.2.1) lib/rails/rack/logger.rb:38:in `call_app'
railties (5.2.1) lib/rails/rack/logger.rb:26:in `block in call'
activesupport (5.2.1) lib/active_support/tagged_logging.rb:71:in `block in tagged'
activesupport (5.2.1) lib/active_support/tagged_logging.rb:28:in `tagged'
activesupport (5.2.1) lib/active_support/tagged_logging.rb:71:in `tagged'
railties (5.2.1) lib/rails/rack/logger.rb:26:in `call'
sprockets-rails (3.2.1) lib/sprockets/rails/quiet_assets.rb:13:in `call'
actionpack (5.2.1) lib/action_dispatch/middleware/remote_ip.rb:81:in `call'
actionpack (5.2.1) lib/action_dispatch/middleware/request_id.rb:27:in `call'
rack (2.0.6) lib/rack/method_override.rb:22:in `call'
rack (2.0.6) lib/rack/runtime.rb:22:in `call'
activesupport (5.2.1) lib/active_support/cache/strategy/local_cache_middleware.rb:29:in `call'
actionpack (5.2.1) lib/action_dispatch/middleware/executor.rb:14:in `call'
actionpack (5.2.1) lib/action_dispatch/middleware/static.rb:127:in `call'
rack (2.0.6) lib/rack/sendfile.rb:111:in `call'
railties (5.2.1) lib/rails/engine.rb:524:in `call'
puma (3.12.0) lib/puma/configuration.rb:225:in `call'
puma (3.12.0) lib/puma/server.rb:658:in `handle_request'
puma (3.12.0) lib/puma/server.rb:472:in `process_client'
puma (3.12.0) lib/puma/server.rb:332:in `block in run'
puma (3.12.0) lib/puma/thread_pool.rb:133:in `block in spawn_thread'
Started GET "/" for 127.0.0.1 at 2018-11-07 13:18:59 +0100
Processing by HomeController#index as HTML
  Rendering home/index.html.erb
  Rendered home/index.html.erb (77.3ms)
Completed 500 Internal Server Error in 88ms (ActiveRecord: 0.0ms)


  
ActionView::Template::Error (undefined method `symbolize_keys' for "25":String):
    19:           
    20:           <li class="cloche">
    21:             <a href="#">
    22:             <% image_tag 'cloche2.jpeg', width="25"%>
    23:             </a>
    24:             
    25:           </li>
  
app/views/home/index.html.erb:22:in `_app_views_home_index_html_erb__2210025647680457664_69815505161020'
Started GET "/" for 127.0.0.1 at 2018-11-07 13:22:21 +0100
Processing by HomeController#index as HTML
  Rendering home/index.html.erb
  Rendered home/index.html.erb (74.2ms)
Completed 500 Internal Server Error in 86ms (ActiveRecord: 0.0ms)


  
ActionView::Template::Error (The asset "micro.png" is not present in the asset pipeline.):
    54:                  placeholder= "Search the site...">
    55:                  
    56:           <button class="micro" type="submit">
    57:               <% image_tag 'micro.png', width:20%>
    58:           </button>
    59:       </div>
    60:       
  
app/views/home/index.html.erb:57:in `_app_views_home_index_html_erb__2210025647680457664_69815266814520'
Started GET "/" for 127.0.0.1 at 2018-11-07 13:22:45 +0100
Processing by HomeController#index as HTML
  Rendering home/index.html.erb
  Rendered home/index.html.erb (67.4ms)
Completed 500 Internal Server Error in 79ms (ActiveRecord: 0.0ms)


  
ActionView::Template::Error (The asset "micro.png" is not present in the asset pipeline.):
    54:                  placeholder= "Search the site...">
    55:                  
    56:           <button class="micro" type="submit">
    57:               <% image_tag 'micro.png', width:20%>
    58:           </button>
    59:       </div>
    60:       
  
app/views/home/index.html.erb:57:in `_app_views_home_index_html_erb__2210025647680457664_69815510808540'
Started GET "/" for 127.0.0.1 at 2018-11-07 13:22:46 +0100
Processing by HomeController#index as HTML
  Rendering home/index.html.erb
  Rendered home/index.html.erb (75.0ms)
Completed 500 Internal Server Error in 86ms (ActiveRecord: 0.0ms)


  
ActionView::Template::Error (The asset "micro.png" is not present in the asset pipeline.):
    54:                  placeholder= "Search the site...">
    55:                  
    56:           <button class="micro" type="submit">
    57:               <% image_tag 'micro.png', width:20%>
    58:           </button>
    59:       </div>
    60:       
  
app/views/home/index.html.erb:57:in `_app_views_home_index_html_erb__2210025647680457664_69815332231320'
Started GET "/" for 127.0.0.1 at 2018-11-07 13:22:47 +0100
Processing by HomeController#index as HTML
  Rendering home/index.html.erb
  Rendered home/index.html.erb (63.7ms)
Completed 500 Internal Server Error in 75ms (ActiveRecord: 0.0ms)


  
ActionView::Template::Error (The asset "micro.png" is not present in the asset pipeline.):
    54:                  placeholder= "Search the site...">
    55:                  
    56:           <button class="micro" type="submit">
    57:               <% image_tag 'micro.png', width:20%>
    58:           </button>
    59:       </div>
    60:       
  
app/views/home/index.html.erb:57:in `_app_views_home_index_html_erb__2210025647680457664_69815510309000'
Started GET "/" for 127.0.0.1 at 2018-11-07 13:22:49 +0100
Processing by HomeController#index as HTML
  Rendering home/index.html.erb
  Rendered home/index.html.erb (31.7ms)
Completed 500 Internal Server Error in 39ms (ActiveRecord: 0.0ms)


  
ActionView::Template::Error (The asset "micro.png" is not present in the asset pipeline.):
    54:                  placeholder= "Search the site...">
    55:                  
    56:           <button class="micro" type="submit">
    57:               <% image_tag 'micro.png', width:20%>
    58:           </button>
    59:       </div>
    60:       
  
app/views/home/index.html.erb:57:in `_app_views_home_index_html_erb__2210025647680457664_69815266651180'
Started GET "/" for 127.0.0.1 at 2018-11-07 13:24:23 +0100
Processing by HomeController#index as HTML
  Rendering home/index.html.erb
  Rendered home/index.html.erb (115.0ms)
Completed 500 Internal Server Error in 126ms (ActiveRecord: 0.0ms)


  
ActionView::Template::Error (The asset "micro.png" is not present in the asset pipeline.):
    54:                  placeholder= "Search the site...">
    55:                  
    56:           <button class="micro" type="submit">
    57:               <% image_tag 'micro.png', width: 20 %>
    58:           </button>
    59:       </div>
    60:       
  
app/views/home/index.html.erb:57:in `_app_views_home_index_html_erb__2210025647680457664_69815509231100'
Started GET "/" for 127.0.0.1 at 2018-11-07 13:24:24 +0100
Processing by HomeController#index as HTML
  Rendering home/index.html.erb
  Rendered home/index.html.erb (53.2ms)
Completed 500 Internal Server Error in 64ms (ActiveRecord: 0.0ms)


  
ActionView::Template::Error (The asset "micro.png" is not present in the asset pipeline.):
    54:                  placeholder= "Search the site...">
    55:                  
    56:           <button class="micro" type="submit">
    57:               <% image_tag 'micro.png', width: 20 %>
    58:           </button>
    59:       </div>
    60:       
  
app/views/home/index.html.erb:57:in `_app_views_home_index_html_erb__2210025647680457664_69815331100660'
Started GET "/" for 127.0.0.1 at 2018-11-07 13:24:25 +0100
Processing by HomeController#index as HTML
  Rendering home/index.html.erb
  Rendered home/index.html.erb (79.7ms)
Completed 500 Internal Server Error in 91ms (ActiveRecord: 0.0ms)


  
ActionView::Template::Error (The asset "micro.png" is not present in the asset pipeline.):
    54:                  placeholder= "Search the site...">
    55:                  
    56:           <button class="micro" type="submit">
    57:               <% image_tag 'micro.png', width: 20 %>
    58:           </button>
    59:       </div>
    60:       
  
app/views/home/index.html.erb:57:in `_app_views_home_index_html_erb__2210025647680457664_69815506924420'
Started GET "/" for 127.0.0.1 at 2018-11-07 13:26:41 +0100
Processing by HomeController#index as HTML
  Rendering home/index.html.erb
  Rendered home/index.html.erb (117.4ms)
Completed 500 Internal Server Error in 125ms (ActiveRecord: 0.0ms)


  
ActionView::Template::Error (The asset "micro.png" is not present in the asset pipeline.):
    54:                  placeholder= "Search the site...">
    55:                  
    56:           <button class="micro" type="submit">
    57:               <% image_tag 'micro.png', width: 20 %>
    58:           </button>
    59:       </div>
    60:       
  
app/views/home/index.html.erb:57:in `_app_views_home_index_html_erb__2210025647680457664_69815400163340'
Started GET "/" for 127.0.0.1 at 2018-11-07 14:48:46 +0100
Processing by HomeController#index as HTML
  Rendering home/index.html.erb
  Rendered home/index.html.erb (72.1ms)
Completed 500 Internal Server Error in 93ms (ActiveRecord: 0.0ms)


  
ActionView::Template::Error (The asset "micro.png" is not present in the asset pipeline.):
    54:                  placeholder= "Search the site...">
    55:                  
    56:           <button class="micro" type="submit">
    57:               <% image_tag 'micro.png', width: 20 %>
    58:           </button>
    59:       </div>
    60:       
  
app/views/home/index.html.erb:57:in `_app_views_home_index_html_erb__2210025647680457664_69815501202740'
Started GET "/" for 127.0.0.1 at 2018-11-07 14:49:04 +0100
Processing by HomeController#index as HTML
  Rendering home/index.html.erb
  Rendered home/index.html.erb (69.0ms)
Completed 500 Internal Server Error in 79ms (ActiveRecord: 0.0ms)


  
ActionView::Template::Error (The asset "micro.png" is not present in the asset pipeline.):
    54:                  placeholder= "Search the site...">
    55:                  
    56:           <button class="micro" type="submit">
    57:               <% (image_tag 'micro.png', width: 20 )%>
    58:           </button>
    59:       </div>
    60:       
  
app/views/home/index.html.erb:57:in `_app_views_home_index_html_erb__2210025647680457664_69815399418720'
Started GET "/" for 127.0.0.1 at 2018-11-07 14:49:40 +0100
Processing by HomeController#index as HTML
  Rendering home/index.html.erb
  Rendered home/index.html.erb (83.5ms)
Completed 500 Internal Server Error in 96ms (ActiveRecord: 0.0ms)


  
ActionView::Template::Error (The asset "micro.png" is not present in the asset pipeline.):
    54:                  placeholder= "Search the site...">
    55:                  
    56:           <button class="micro" type="submit">
    57:               <% image_tag('micro.png', width: 20) %>
    58:           </button>
    59:       </div>
    60:       
  
app/views/home/index.html.erb:57:in `_app_views_home_index_html_erb__2210025647680457664_47059237013220'
Started GET "/" for 127.0.0.1 at 2018-11-07 14:50:25 +0100
Processing by HomeController#index as HTML
  Rendering home/index.html.erb
  Rendered home/index.html.erb (64.4ms)
Completed 500 Internal Server Error in 78ms (ActiveRecord: 0.0ms)


  
ActionView::Template::Error (The asset "micro.png" is not present in the asset pipeline.):
    54:                  placeholder= "Search the site...">
    55:                  
    56:           <button class="micro" type="submit">
    57:               <% image_tag'micro.png', width: '20' %>
    58:           </button>
    59:       </div>
    60:       
  
app/views/home/index.html.erb:57:in `_app_views_home_index_html_erb__2210025647680457664_69815264927380'
Started GET "/" for 127.0.0.1 at 2018-11-07 14:50:57 +0100
Processing by HomeController#index as HTML
  Rendering home/index.html.erb
  Rendered home/index.html.erb (79.4ms)
Completed 500 Internal Server Error in 91ms (ActiveRecord: 0.0ms)


  
ActionView::Template::Error (The asset "micro.png" is not present in the asset pipeline.):
    54:                  placeholder= "Search the site...">
    55:                  
    56:           <button class="micro" type="submit">
    57:               <% image_tag "micro.png", width: '20' %>
    58:           </button>
    59:       </div>
    60:       
  
app/views/home/index.html.erb:57:in `_app_views_home_index_html_erb__2210025647680457664_69815515238100'
Started GET "/" for 127.0.0.1 at 2018-11-07 14:51:16 +0100
Processing by HomeController#index as HTML
  Rendering home/index.html.erb
  Rendered home/index.html.erb (65.0ms)
Completed 200 OK in 76ms (Views: 72.6ms | ActiveRecord: 0.0ms)


Started GET "/" for 127.0.0.1 at 2018-11-07 14:51:37 +0100
Processing by HomeController#index as HTML
  Rendering home/index.html.erb
  Rendered home/index.html.erb (49.9ms)
Completed 200 OK in 58ms (Views: 54.6ms | ActiveRecord: 0.0ms)


Started GET "/" for 127.0.0.1 at 2018-11-07 14:51:38 +0100
Processing by HomeController#index as HTML
  Rendering home/index.html.erb
  Rendered home/index.html.erb (56.9ms)
Completed 200 OK in 66ms (Views: 61.7ms | ActiveRecord: 0.0ms)


Started GET "/" for 127.0.0.1 at 2018-11-07 14:51:38 +0100
Processing by HomeController#index as HTML
  Rendering home/index.html.erb
  Rendered home/index.html.erb (59.9ms)
Completed 200 OK in 69ms (Views: 66.2ms | ActiveRecord: 0.0ms)


Started GET "/" for 127.0.0.1 at 2018-11-07 14:51:39 +0100
Processing by HomeController#index as HTML
  Rendering home/index.html.erb
  Rendered home/index.html.erb (80.0ms)
Completed 200 OK in 90ms (Views: 85.2ms | ActiveRecord: 0.0ms)


Started GET "/" for 127.0.0.1 at 2018-11-07 14:51:40 +0100
Processing by HomeController#index as HTML
  Rendering home/index.html.erb
  Rendered home/index.html.erb (65.1ms)
Completed 200 OK in 77ms (Views: 72.0ms | ActiveRecord: 0.0ms)


Started GET "/" for 127.0.0.1 at 2018-11-07 14:51:40 +0100
Processing by HomeController#index as HTML
  Rendering home/index.html.erb
  Rendered home/index.html.erb (63.2ms)
Completed 200 OK in 72ms (Views: 68.1ms | ActiveRecord: 0.0ms)


Started GET "/" for 127.0.0.1 at 2018-11-07 14:53:06 +0100
Processing by HomeController#index as HTML
  Rendering home/index.html.erb
  Rendered home/index.html.erb (51.2ms)
Completed 200 OK in 63ms (Views: 57.9ms | ActiveRecord: 0.0ms)


Started GET "/" for 127.0.0.1 at 2018-11-07 14:53:07 +0100
Processing by HomeController#index as HTML
  Rendering home/index.html.erb
  Rendered home/index.html.erb (55.1ms)
Completed 200 OK in 64ms (Views: 60.8ms | ActiveRecord: 0.0ms)


Started GET "/" for 127.0.0.1 at 2018-11-07 14:53:08 +0100
Processing by HomeController#index as HTML
  Rendering home/index.html.erb
  Rendered home/index.html.erb (58.4ms)
Completed 200 OK in 70ms (Views: 66.1ms | ActiveRecord: 0.0ms)


Started GET "/" for 127.0.0.1 at 2018-11-07 14:53:09 +0100
Processing by HomeController#index as HTML
  Rendering home/index.html.erb
  Rendered home/index.html.erb (65.7ms)
Completed 200 OK in 78ms (Views: 73.8ms | ActiveRecord: 0.0ms)


Started GET "/" for 127.0.0.1 at 2018-11-07 14:53:39 +0100
Processing by HomeController#index as HTML
  Rendering home/index.html.erb
  Rendered home/index.html.erb (50.5ms)
Completed 200 OK in 62ms (Views: 56.6ms | ActiveRecord: 0.0ms)


Started GET "/" for 127.0.0.1 at 2018-11-07 14:53:40 +0100
Processing by HomeController#index as HTML
  Rendering home/index.html.erb
  Rendered home/index.html.erb (43.7ms)
Completed 200 OK in 55ms (Views: 50.6ms | ActiveRecord: 0.0ms)


Started GET "/" for 127.0.0.1 at 2018-11-07 14:55:43 +0100
Processing by HomeController#index as HTML
  Rendering home/index.html.erb
  Rendered home/index.html.erb (55.7ms)
Completed 200 OK in 66ms (Views: 62.5ms | ActiveRecord: 0.0ms)


Started GET "/" for 127.0.0.1 at 2018-11-07 14:55:44 +0100
Processing by HomeController#index as HTML
  Rendering home/index.html.erb
  Rendered home/index.html.erb (72.3ms)
Completed 200 OK in 85ms (Views: 79.9ms | ActiveRecord: 0.0ms)


Started GET "/" for 127.0.0.1 at 2018-11-07 14:55:46 +0100
Processing by HomeController#index as HTML
  Rendering home/index.html.erb
  Rendered home/index.html.erb (62.6ms)
Completed 200 OK in 74ms (Views: 70.8ms | ActiveRecord: 0.0ms)


Started GET "/" for 127.0.0.1 at 2018-11-07 14:55:52 +0100
Processing by HomeController#index as HTML
  Rendering home/index.html.erb
  Rendered home/index.html.erb (32.4ms)
Completed 200 OK in 42ms (Views: 37.8ms | ActiveRecord: 0.0ms)


Started GET "/" for 127.0.0.1 at 2018-11-07 14:55:52 +0100
Processing by HomeController#index as HTML
  Rendering home/index.html.erb
  Rendered home/index.html.erb (45.8ms)
Completed 200 OK in 55ms (Views: 51.5ms | ActiveRecord: 0.0ms)


Started GET "/" for 127.0.0.1 at 2018-11-07 14:57:35 +0100
Processing by HomeController#index as HTML
  Rendering home/index.html.erb
  Rendered home/index.html.erb (57.1ms)
Completed 200 OK in 68ms (Views: 64.3ms | ActiveRecord: 0.0ms)


Started GET "/" for 127.0.0.1 at 2018-11-07 14:57:36 +0100
Processing by HomeController#index as HTML
  Rendering home/index.html.erb
  Rendered home/index.html.erb (63.6ms)
Completed 200 OK in 76ms (Views: 69.6ms | ActiveRecord: 0.0ms)


Started GET "/" for 127.0.0.1 at 2018-11-07 14:58:09 +0100
Processing by HomeController#index as HTML
  Rendering home/index.html.erb
  Rendered home/index.html.erb (58.9ms)
Completed 200 OK in 70ms (Views: 65.9ms | ActiveRecord: 0.0ms)


Started GET "/" for 127.0.0.1 at 2018-11-07 14:59:54 +0100
Processing by HomeController#index as HTML
  Rendering home/index.html.erb
  Rendered home/index.html.erb (66.9ms)
Completed 200 OK in 76ms (Views: 72.7ms | ActiveRecord: 0.0ms)


Started GET "/" for 127.0.0.1 at 2018-11-07 14:59:55 +0100
Processing by HomeController#index as HTML
  Rendering home/index.html.erb
  Rendered home/index.html.erb (45.7ms)
Completed 200 OK in 57ms (Views: 52.9ms | ActiveRecord: 0.0ms)


Started GET "/" for 127.0.0.1 at 2018-11-07 15:01:10 +0100
Processing by HomeController#index as HTML
  Rendering home/index.html.erb
  Rendered home/index.html.erb (64.4ms)
Completed 200 OK in 76ms (Views: 72.0ms | ActiveRecord: 0.0ms)


Started GET "/" for 127.0.0.1 at 2018-11-07 15:01:21 +0100
Processing by HomeController#index as HTML
  Rendering home/index.html.erb
  Rendered home/index.html.erb (37.2ms)
Completed 200 OK in 49ms (Views: 44.4ms | ActiveRecord: 0.0ms)


